
ROM used:   232/8192 (3%)
            232/8192 (3%) including unused fragments

            0.3 Average locations per line
            3.5 Average locations per statement

RAM used:   9/368 (2%) at main() level
            11/368 (3%) worst case

Stack used: 2 worst case (2 in main + 0 for interrupts)
Stack size: 8

Lines Stmts  %   Files
----- ----- ---  -----
  132    66 100  main.c
  768     0   0  C:\Program Files (x86)\PICC\Devices\16f887.h
----- -----
  900    66 Total

Page ROM  %  RAM   Vol Diff  Functions:
---- --- --- ---   --- ----  ----------
0     20   9    1             @delay_ms1
0     35  15    0   108  1.7  setbamxung
0     17   7    2    90  1.7  setdc
0     17   7    2    90  1.7  setdcng
0     51  22    1   459  3.3  chaynhanh
0     51  22    1   459  3.3  chaycham
0     37  16    0   132  2.1  MAIN
 Inline         0             @cinit1

Program metrics:
    Functions               6
    Statements              66
    Comments                140
    Volume (V)              1972
    Difficulty (D)          13.8
    Effort to implement (E) 27275
    Time to implement (T)   25 minutes
    Est Delivered Bugs (B)  0
    Cyclomatic Complexity   1
    Maintainability (MI)    149

 Segment     Used  Free
-----------  ----  ----
00000-00003     4  0  
00004-007FF   228  1816  
00800-00FFF     0  2048  
01000-017FF     0  2048  
01800-01FFF     0  2048  



